This is pdfTeX, Version 3.141592653-2.6-1.40.24 (MiKTeX 22.1) (preloaded format=pdflatex 2024.12.7)  22 DEC 2024 16:35
entering extended mode
 restricted \write18 enabled.
 file:line:error style messages enabled.
 %&-line parsing enabled.
**/Users/lenny/Documents/DEV/git/melpy-project/reports/melpy-CNN/main.tex
(/Users/lenny/Documents/DEV/git/melpy-project/reports/melpy-CNN/main.tex
LaTeX2e <2024-11-01>
L3 programming layer <2024-11-02>
(/Users/lenny/Library/Application Support/MiKTeX/texmfs/install/tex/latex/base/article.cls
Document Class: article 2024/06/29 v1.4n Standard LaTeX document class
(/Users/lenny/Library/Application Support/MiKTeX/texmfs/install/tex/latex/base/size12.clo
File: size12.clo 2024/06/29 v1.4n Standard LaTeX file (size option)
)
\c@part=\count196
\c@section=\count197
\c@subsection=\count198
\c@subsubsection=\count199
\c@paragraph=\count266
\c@subparagraph=\count267
\c@figure=\count268
\c@table=\count269
\abovecaptionskip=\skip49
\belowcaptionskip=\skip50
\bibindent=\dimen141
) (/Users/lenny/Library/Application Support/MiKTeX/texmfs/install/tex/latex/natbib/natbib.sty
Package: natbib 2010/09/13 8.31b (PWD, AO)
\bibhang=\skip51
\bibsep=\skip52
LaTeX Info: Redefining \cite on input line 694.
\c@NAT@ctr=\count270
) (/Users/lenny/Library/Application Support/MiKTeX/texmfs/install/tex/latex/anysize/anysize.sty
Package: anysize 1994/08/13 setting margin sizes

document style option `anysize' loaded
Michael Salzenberg, Thomas Esser, Dirk Hillbrecht
Version 1.0, Aug 13, 1994
\@Leftmargin=\dimen142
\@Rightmargin=\dimen143
\@Topmargin=\dimen144
\@Bottommargin=\dimen145
) (/Users/lenny/Library/Application Support/MiKTeX/texmfs/install/tex/latex/fancyhdr/fancyhdr.sty
Package: fancyhdr 2024/11/20 v4.4 Extensive control of page headers and footers
\f@nch@headwidth=\skip53
\f@nch@O@elh=\skip54
\f@nch@O@erh=\skip55
\f@nch@O@olh=\skip56
\f@nch@O@orh=\skip57
\f@nch@O@elf=\skip58
\f@nch@O@erf=\skip59
\f@nch@O@olf=\skip60
\f@nch@O@orf=\skip61
) (/Users/lenny/Library/Application Support/MiKTeX/texmfs/install/tex/generic/soul/soul.sty
Package: soul 2023-06-14 v3.1 Permit use of UTF-8 characters in soul (HO)
 (/Users/lenny/Library/Application Support/MiKTeX/texmfs/install/tex/generic/soul/soul-ori.sty
Package: soul-ori 2023-06-14 v3.1 letterspacing/underlining (mf)
\SOUL@word=\toks17
\SOUL@lasttoken=\toks18
\SOUL@syllable=\toks19
\SOUL@cmds=\toks20
\SOUL@buffer=\toks21
\SOUL@token=\toks22
\SOUL@syllgoal=\dimen146
\SOUL@syllwidth=\dimen147
\SOUL@charkern=\dimen148
\SOUL@hyphkern=\dimen149
\SOUL@dimen=\dimen150
\SOUL@dimeni=\dimen151
\SOUL@minus=\count271
\SOUL@comma=\count272
\SOUL@apo=\count273
\SOUL@grave=\count274
\SOUL@spaceskip=\skip62
\SOUL@ttwidth=\dimen152
\SOUL@uldp=\dimen153
\SOUL@ulht=\dimen154
) (/Users/lenny/Library/Application Support/MiKTeX/texmfs/install/tex/generic/infwarerr/infwarerr.sty
Package: infwarerr 2019/12/03 v1.5 Providing info/warning/error messages (HO)
) (/Users/lenny/Library/Application Support/MiKTeX/texmfs/install/tex/generic/etexcmds/etexcmds.sty
Package: etexcmds 2019/12/15 v1.7 Avoid name clashes with e-TeX commands (HO)
 (/Users/lenny/Library/Application Support/MiKTeX/texmfs/install/tex/generic/iftex/iftex.sty
Package: iftex 2022/02/03 v1.0f TeX engine tests
))) (/Users/lenny/Library/Application Support/MiKTeX/texmfs/install/tex/latex/xcolor/xcolor.sty
Package: xcolor 2024/09/29 v3.02 LaTeX color extensions (UK)
 (/Users/lenny/Library/Application Support/MiKTeX/texmfs/install/tex/latex/graphics-cfg/color.cfg
File: color.cfg 2016/01/02 v1.6 sample color configuration
)
Package xcolor Info: Driver file: pdftex.def on input line 274.
 (/Users/lenny/Library/Application Support/MiKTeX/texmfs/install/tex/latex/graphics-def/pdftex.def
File: pdftex.def 2024/04/13 v1.2c Graphics/color driver for pdftex
) (/Users/lenny/Library/Application Support/MiKTeX/texmfs/install/tex/latex/graphics/mathcolor.ltx)
Package xcolor Info: Model `cmy' substituted by `cmy0' on input line 1349.
Package xcolor Info: Model `hsb' substituted by `rgb' on input line 1353.
Package xcolor Info: Model `RGB' extended on input line 1365.
Package xcolor Info: Model `HTML' substituted by `rgb' on input line 1367.
Package xcolor Info: Model `Hsb' substituted by `hsb' on input line 1368.
Package xcolor Info: Model `tHsb' substituted by `hsb' on input line 1369.
Package xcolor Info: Model `HSB' substituted by `hsb' on input line 1370.
Package xcolor Info: Model `Gray' substituted by `gray' on input line 1371.
Package xcolor Info: Model `wave' substituted by `hsb' on input line 1372.
) (/Users/lenny/Library/Application Support/MiKTeX/texmfs/install/tex/latex/graphics/dvipsnam.def
File: dvipsnam.def 2016/06/17 v3.0m Driver-dependent file (DPC,SPQR)
) (/Users/lenny/Library/Application Support/MiKTeX/texmfs/install/tex/latex/hyperref/hyperref.sty
Package: hyperref 2024-11-05 v7.01l Hypertext links for LaTeX
 (/Users/lenny/Library/Application Support/MiKTeX/texmfs/install/tex/latex/graphics/keyval.sty
Package: keyval 2022/05/29 v1.15 key=value parser (DPC)
\KV@toks@=\toks23
) (/Users/lenny/Library/Application Support/MiKTeX/texmfs/install/tex/latex/kvsetkeys/kvsetkeys.sty
Package: kvsetkeys 2022-10-05 v1.19 Key value parser (HO)
) (/Users/lenny/Library/Application Support/MiKTeX/texmfs/install/tex/generic/kvdefinekeys/kvdefinekeys.sty
Package: kvdefinekeys 2019-12-19 v1.6 Define keys (HO)
) (/Users/lenny/Library/Application Support/MiKTeX/texmfs/install/tex/generic/pdfescape/pdfescape.sty
Package: pdfescape 2019/12/09 v1.15 Implements pdfTeX's escape features (HO)
 (/Users/lenny/Library/Application Support/MiKTeX/texmfs/install/tex/generic/ltxcmds/ltxcmds.sty
Package: ltxcmds 2023-12-04 v1.26 LaTeX kernel commands for general use (HO)
) (/Users/lenny/Library/Application Support/MiKTeX/texmfs/install/tex/generic/pdftexcmds/pdftexcmds.sty
Package: pdftexcmds 2020-06-27 v0.33 Utility functions of pdfTeX for LuaTeX (HO)
Package pdftexcmds Info: \pdf@primitive is available.
Package pdftexcmds Info: \pdf@ifprimitive is available.
Package pdftexcmds Info: \pdfdraftmode found.
)) (/Users/lenny/Library/Application Support/MiKTeX/texmfs/install/tex/latex/hycolor/hycolor.sty
Package: hycolor 2020-01-27 v1.10 Color options for hyperref/bookmark (HO)
) (/Users/lenny/Library/Application Support/MiKTeX/texmfs/install/tex/latex/hyperref/nameref.sty
Package: nameref 2023-11-26 v2.56 Cross-referencing by name of section
 (/Users/lenny/Library/Application Support/MiKTeX/texmfs/install/tex/latex/refcount/refcount.sty
Package: refcount 2019/12/15 v3.6 Data extraction from label references (HO)
) (/Users/lenny/Library/Application Support/MiKTeX/texmfs/install/tex/generic/gettitlestring/gettitlestring.sty
Package: gettitlestring 2019/12/15 v1.6 Cleanup title references (HO)
 (/Users/lenny/Library/Application Support/MiKTeX/texmfs/install/tex/latex/kvoptions/kvoptions.sty
Package: kvoptions 2022-06-15 v3.15 Key value format for package options (HO)
))
\c@section@level=\count275
) (/Users/lenny/Library/Application Support/MiKTeX/texmfs/install/tex/latex/etoolbox/etoolbox.sty
Package: etoolbox 2020/10/05 v2.5k e-TeX tools for LaTeX (JAW)
\etb@tempcnta=\count276
) (/Users/lenny/Library/Application Support/MiKTeX/texmfs/install/tex/generic/stringenc/stringenc.sty
Package: stringenc 2019/11/29 v1.12 Convert strings between diff. encodings (HO)
)
\@linkdim=\dimen155
\Hy@linkcounter=\count277
\Hy@pagecounter=\count278
 (/Users/lenny/Library/Application Support/MiKTeX/texmfs/install/tex/latex/hyperref/pd1enc.def
File: pd1enc.def 2024-11-05 v7.01l Hyperref: PDFDocEncoding definition (HO)
Now handling font encoding PD1 ...
... no UTF-8 mapping file for font encoding PD1
) (/Users/lenny/Library/Application Support/MiKTeX/texmfs/install/tex/generic/intcalc/intcalc.sty
Package: intcalc 2019/12/15 v1.3 Expandable calculations with integers (HO)
)
\Hy@SavedSpaceFactor=\count279
 (/Users/lenny/Library/Application Support/MiKTeX/texmfs/install/tex/latex/hyperref/puenc.def
File: puenc.def 2024-11-05 v7.01l Hyperref: PDF Unicode definition (HO)
Now handling font encoding PU ...
... no UTF-8 mapping file for font encoding PU
)
Package hyperref Info: Hyper figures OFF on input line 4157.
Package hyperref Info: Link nesting OFF on input line 4162.
Package hyperref Info: Hyper index ON on input line 4165.
Package hyperref Info: Plain pages OFF on input line 4172.
Package hyperref Info: Backreferencing OFF on input line 4177.
Package hyperref Info: Implicit mode ON; LaTeX internals redefined.
Package hyperref Info: Bookmarks ON on input line 4424.
\c@Hy@tempcnt=\count280
 (/Users/lenny/Library/Application Support/MiKTeX/texmfs/install/tex/latex/url/url.sty
\Urlmuskip=\muskip17
Package: url 2013/09/16  ver 3.4  Verb mode for urls, etc.
)
LaTeX Info: Redefining \url on input line 4763.
\XeTeXLinkMargin=\dimen156
 (/Users/lenny/Library/Application Support/MiKTeX/texmfs/install/tex/generic/bitset/bitset.sty
Package: bitset 2019/12/09 v1.3 Handle bit-vector datatype (HO)
 (/Users/lenny/Library/Application Support/MiKTeX/texmfs/install/tex/generic/bigintcalc/bigintcalc.sty
Package: bigintcalc 2019/12/15 v1.5 Expandable calculations on big integers (HO)
))
\Fld@menulength=\count281
\Field@Width=\dimen157
\Fld@charsize=\dimen158
Package hyperref Info: Hyper figures OFF on input line 6042.
Package hyperref Info: Link nesting OFF on input line 6047.
Package hyperref Info: Hyper index ON on input line 6050.
Package hyperref Info: backreferencing OFF on input line 6057.
Package hyperref Info: Link coloring OFF on input line 6062.
Package hyperref Info: Link coloring with OCG OFF on input line 6067.
Package hyperref Info: PDF/A mode OFF on input line 6072.
 (/Users/lenny/Library/Application Support/MiKTeX/texmfs/install/tex/latex/base/atbegshi-ltx.sty
Package: atbegshi-ltx 2021/01/10 v1.0c Emulation of the original atbegshi
package with kernel methods
)
\Hy@abspage=\count282
\c@Item=\count283
\c@Hfootnote=\count284
)
Package hyperref Info: Driver (autodetected): hpdftex.
 (/Users/lenny/Library/Application Support/MiKTeX/texmfs/install/tex/latex/hyperref/hpdftex.def
File: hpdftex.def 2024-11-05 v7.01l Hyperref driver for pdfTeX
 (/Users/lenny/Library/Application Support/MiKTeX/texmfs/install/tex/latex/base/atveryend-ltx.sty
Package: atveryend-ltx 2020/08/19 v1.0a Emulation of the original atveryend package
with kernel methods
)
\Fld@listcount=\count285
\c@bookmark@seq@number=\count286
 (/Users/lenny/Library/Application Support/MiKTeX/texmfs/install/tex/latex/rerunfilecheck/rerunfilecheck.sty
Package: rerunfilecheck 2022-07-10 v1.10 Rerun checks for auxiliary files (HO)
 (/Users/lenny/Library/Application Support/MiKTeX/texmfs/install/tex/generic/uniquecounter/uniquecounter.sty
Package: uniquecounter 2019/12/15 v1.4 Provide unlimited unique counter (HO)
)
Package uniquecounter Info: New unique counter `rerunfilecheck' on input line 285.
)
\Hy@SectionHShift=\skip63
) (/Users/lenny/Library/Application Support/MiKTeX/texmfs/install/tex/latex/caption/subcaption.sty
Package: subcaption 2023/07/28 v1.6b Sub-captions (AR)
 (/Users/lenny/Library/Application Support/MiKTeX/texmfs/install/tex/latex/caption/caption.sty
Package: caption 2023/08/05 v3.6o Customizing captions (AR)
 (/Users/lenny/Library/Application Support/MiKTeX/texmfs/install/tex/latex/caption/caption3.sty
Package: caption3 2023/07/31 v2.4d caption3 kernel (AR)
\caption@tempdima=\dimen159
\captionmargin=\dimen160
\caption@leftmargin=\dimen161
\caption@rightmargin=\dimen162
\caption@width=\dimen163
\caption@indent=\dimen164
\caption@parindent=\dimen165
\caption@hangindent=\dimen166
Package caption Info: Standard document class detected.
)
\c@caption@flags=\count287
\c@continuedfloat=\count288
Package caption Info: hyperref package is loaded.
)
Package caption Info: New subtype `subfigure' on input line 238.
\c@subfigure=\count289
Package caption Info: New subtype `subtable' on input line 238.
\c@subtable=\count290
)
Package hyperref Info: Option `colorlinks' set `true' on input line 23.
 (/Users/lenny/Library/Application Support/MiKTeX/texmfs/install/tex/latex/lipsum/lipsum.sty (/Users/lenny/Library/Application Support/MiKTeX/texmfs/install/tex/latex/l3packages/l3keys2e/l3keys2e.sty (/Users/lenny/Library/Application Support/MiKTeX/texmfs/install/tex/latex/l3kernel/expl3.sty
Package: expl3 2024-11-02 L3 programming layer (loader) 
 (/Users/lenny/Library/Application Support/MiKTeX/texmfs/install/tex/latex/l3backend/l3backend-pdftex.def
File: l3backend-pdftex.def 2024-05-08 L3 backend support: PDF output (pdfTeX)
\l__color_backend_stack_int=\count291
\l__pdf_internal_box=\box52
))
Package: l3keys2e 2024-08-16 LaTeX2e option processing using LaTeX3 keys
)
Package: lipsum 2021-09-20 v2.7 150 paragraphs of Lorem Ipsum dummy text
\g__lipsum_par_int=\count292
\l__lipsum_a_int=\count293
\l__lipsum_b_int=\count294
 (/Users/lenny/Library/Application Support/MiKTeX/texmfs/install/tex/latex/lipsum/lipsum.ltd.tex)) (/Users/lenny/Library/Application Support/MiKTeX/texmfs/install/tex/latex/tools/multicol.sty
Package: multicol 2024/09/14 v1.9i multicolumn formatting (FMi)
\c@tracingmulticols=\count295
\mult@box=\box53
\multicol@leftmargin=\dimen167
\c@unbalance=\count296
\c@collectmore=\count297
\doublecol@number=\count298
\multicoltolerance=\count299
\multicolpretolerance=\count300
\full@width=\dimen168
\page@free=\dimen169
\premulticols=\dimen170
\postmulticols=\dimen171
\multicolsep=\skip64
\multicolbaselineskip=\skip65
\partial@page=\box54
\last@line=\box55
\mc@boxedresult=\box56
\maxbalancingoverflow=\dimen172
\mult@rightbox=\box57
\mult@grightbox=\box58
\mult@firstbox=\box59
\mult@gfirstbox=\box60
\@tempa=\box61
\@tempa=\box62
\@tempa=\box63
\@tempa=\box64
\@tempa=\box65
\@tempa=\box66
\@tempa=\box67
\@tempa=\box68
\@tempa=\box69
\@tempa=\box70
\@tempa=\box71
\@tempa=\box72
\@tempa=\box73
\@tempa=\box74
\@tempa=\box75
\@tempa=\box76
\@tempa=\box77
\@tempa=\box78
\@tempa=\box79
\@tempa=\box80
\@tempa=\box81
\@tempa=\box82
\@tempa=\box83
\@tempa=\box84
\@tempa=\box85
\@tempa=\box86
\@tempa=\box87
\@tempa=\box88
\@tempa=\box89
\@tempa=\box90
\@tempa=\box91
\@tempa=\box92
\@tempa=\box93
\@tempa=\box94
\@tempa=\box95
\@tempa=\box96
\c@minrows=\count301
\c@columnbadness=\count302
\c@finalcolumnbadness=\count303
\last@try=\dimen173
\multicolovershoot=\dimen174
\multicolundershoot=\dimen175
\mult@nat@firstbox=\box97
\colbreak@box=\box98
\mc@col@check@num=\count304
) (/Users/lenny/Library/Application Support/MiKTeX/texmfs/install/tex/latex/parskip/parskip.sty
Package: parskip 2021-03-14 v2.0h non-zero parskip adjustments
) (/Users/lenny/Library/Application Support/MiKTeX/texmfs/install/tex/latex/graphics/graphicx.sty
Package: graphicx 2021/09/16 v1.2d Enhanced LaTeX Graphics (DPC,SPQR)
 (/Users/lenny/Library/Application Support/MiKTeX/texmfs/install/tex/latex/graphics/graphics.sty
Package: graphics 2024/08/06 v1.4g Standard LaTeX Graphics (DPC,SPQR)
 (/Users/lenny/Library/Application Support/MiKTeX/texmfs/install/tex/latex/graphics/trig.sty
Package: trig 2023/12/02 v1.11 sin cos tan (DPC)
) (/Users/lenny/Library/Application Support/MiKTeX/texmfs/install/tex/latex/graphics-cfg/graphics.cfg
File: graphics.cfg 2016/06/04 v1.11 sample graphics configuration
)
Package graphics Info: Driver file: pdftex.def on input line 106.
)
\Gin@req@height=\dimen176
\Gin@req@width=\dimen177
) (/Users/lenny/Library/Application Support/MiKTeX/texmfs/install/tex/latex/amsmath/amsmath.sty
Package: amsmath 2024/11/05 v2.17t AMS math features
\@mathmargin=\skip66

For additional information on amsmath, use the `?' option.
(/Users/lenny/Library/Application Support/MiKTeX/texmfs/install/tex/latex/amsmath/amstext.sty
Package: amstext 2021/08/26 v2.01 AMS text
 (/Users/lenny/Library/Application Support/MiKTeX/texmfs/install/tex/latex/amsmath/amsgen.sty
File: amsgen.sty 1999/11/30 v2.0 generic functions
\@emptytoks=\toks24
\ex@=\dimen178
)) (/Users/lenny/Library/Application Support/MiKTeX/texmfs/install/tex/latex/amsmath/amsbsy.sty
Package: amsbsy 1999/11/29 v1.2d Bold Symbols
\pmbraise@=\dimen179
) (/Users/lenny/Library/Application Support/MiKTeX/texmfs/install/tex/latex/amsmath/amsopn.sty
Package: amsopn 2022/04/08 v2.04 operator names
)
\inf@bad=\count305
LaTeX Info: Redefining \frac on input line 233.
\uproot@=\count306
\leftroot@=\count307
LaTeX Info: Redefining \overline on input line 398.
LaTeX Info: Redefining \colon on input line 409.
\classnum@=\count308
\DOTSCASE@=\count309
LaTeX Info: Redefining \ldots on input line 495.
LaTeX Info: Redefining \dots on input line 498.
LaTeX Info: Redefining \cdots on input line 619.
\Mathstrutbox@=\box99
\strutbox@=\box100
LaTeX Info: Redefining \big on input line 721.
LaTeX Info: Redefining \Big on input line 722.
LaTeX Info: Redefining \bigg on input line 723.
LaTeX Info: Redefining \Bigg on input line 724.
\big@size=\dimen180
LaTeX Font Info:    Redeclaring font encoding OML on input line 742.
LaTeX Font Info:    Redeclaring font encoding OMS on input line 743.
\macc@depth=\count310
LaTeX Info: Redefining \bmod on input line 904.
LaTeX Info: Redefining \pmod on input line 909.
LaTeX Info: Redefining \smash on input line 939.
LaTeX Info: Redefining \relbar on input line 969.
LaTeX Info: Redefining \Relbar on input line 970.
\c@MaxMatrixCols=\count311
\dotsspace@=\muskip18
\c@parentequation=\count312
\dspbrk@lvl=\count313
\tag@help=\toks25
\row@=\count314
\column@=\count315
\maxfields@=\count316
\andhelp@=\toks26
\eqnshift@=\dimen181
\alignsep@=\dimen182
\tagshift@=\dimen183
\tagwidth@=\dimen184
\totwidth@=\dimen185
\lineht@=\dimen186
\@envbody=\toks27
\multlinegap=\skip67
\multlinetaggap=\skip68
\mathdisplay@stack=\toks28
LaTeX Info: Redefining \[ on input line 2953.
LaTeX Info: Redefining \] on input line 2954.
) (/Users/lenny/Library/Application Support/MiKTeX/texmfs/install/tex/latex/siunitx/siunitx.sty
Package: siunitx 2024-11-19 v3.3.24 A comprehensive (SI) units package
\l__siunitx_number_uncert_offset_int=\count317
\l__siunitx_number_exponent_fixed_int=\count318
\l__siunitx_number_min_decimal_int=\count319
\l__siunitx_number_min_integer_int=\count320
\l__siunitx_number_round_precision_int=\count321
\l__siunitx_number_lower_threshold_int=\count322
\l__siunitx_number_upper_threshold_int=\count323
\l__siunitx_number_group_first_int=\count324
\l__siunitx_number_group_size_int=\count325
\l__siunitx_number_group_minimum_int=\count326
\l__siunitx_angle_tmp_dim=\dimen187
\l__siunitx_angle_marker_box=\box101
\l__siunitx_angle_unit_box=\box102
\l__siunitx_compound_count_int=\count327
 (/Users/lenny/Library/Application Support/MiKTeX/texmfs/install/tex/latex/translations/translations.sty
Package: translations 2022/02/05 v1.12 internationalization of LaTeX2e packages (CN)
)
\l__siunitx_table_tmp_box=\box103
\l__siunitx_table_tmp_dim=\dimen188
\l__siunitx_table_column_width_dim=\dimen189
\l__siunitx_table_integer_box=\box104
\l__siunitx_table_decimal_box=\box105
\l__siunitx_table_uncert_box=\box106
\l__siunitx_table_before_box=\box107
\l__siunitx_table_after_box=\box108
\l__siunitx_table_before_dim=\dimen190
\l__siunitx_table_carry_dim=\dimen191
\l__siunitx_unit_tmp_int=\count328
\l__siunitx_unit_position_int=\count329
\l__siunitx_unit_total_int=\count330
 (/Users/lenny/Library/Application Support/MiKTeX/texmfs/install/tex/latex/tools/array.sty
Package: array 2024/10/17 v2.6g Tabular extension package (FMi)
\col@sep=\dimen192
\ar@mcellbox=\box109
\extrarowheight=\dimen193
\NC@list=\toks29
\extratabsurround=\skip69
\backup@length=\skip70
\ar@cellbox=\box110
)) (/Users/lenny/Library/Application Support/MiKTeX/texmfs/install/tex/latex/titlesec/titlesec.sty
Package: titlesec 2023/10/27 v2.16 Sectioning titles
\ttl@box=\box111
\beforetitleunit=\skip71
\aftertitleunit=\skip72
\ttl@plus=\dimen194
\ttl@minus=\dimen195
\ttl@toksa=\toks30
\titlewidth=\dimen196
\titlewidthlast=\dimen197
\titlewidthfirst=\dimen198
) (/Users/lenny/Library/Application Support/MiKTeX/texmfs/install/tex/latex/listings/listings.sty
\lst@mode=\count331
\lst@gtempboxa=\box112
\lst@token=\toks31
\lst@length=\count332
\lst@currlwidth=\dimen199
\lst@column=\count333
\lst@pos=\count334
\lst@lostspace=\dimen256
\lst@width=\dimen257
\lst@newlines=\count335
\lst@lineno=\count336
\lst@maxwidth=\dimen258
 (/Users/lenny/Library/Application Support/MiKTeX/texmfs/install/tex/latex/listings/lstpatch.sty
File: lstpatch.sty 2024/09/23 1.10c (Carsten Heinz)
) (/Users/lenny/Library/Application Support/MiKTeX/texmfs/install/tex/latex/listings/lstmisc.sty
File: lstmisc.sty 2024/09/23 1.10c (Carsten Heinz)
\c@lstnumber=\count337
\lst@skipnumbers=\count338
\lst@framebox=\box113
) (/Users/lenny/Library/Application Support/MiKTeX/texmfs/install/tex/latex/listings/listings.cfg
File: listings.cfg 2024/09/23 1.10c listings configuration
))
Package: listings 2024/09/23 1.10c (Carsten Heinz)
 (/Users/lenny/Library/Application Support/MiKTeX/texmfs/install/tex/latex/enumitem/enumitem.sty
Package: enumitem 2019/06/20 v3.9 Customized lists
\labelindent=\skip73
\enit@outerparindent=\dimen259
\enit@toks=\toks32
\enit@inbox=\box114
\enit@count@id=\count339
\enitdp@description=\count340
)
Package translations Info: No language package found. I am going to use `english' as default language. on input line 75.
 (main.aux)
\openout1 = `main.aux'.

LaTeX Font Info:    Checking defaults for OML/cmm/m/it on input line 75.
LaTeX Font Info:    ... okay on input line 75.
LaTeX Font Info:    Checking defaults for OMS/cmsy/m/n on input line 75.
LaTeX Font Info:    ... okay on input line 75.
LaTeX Font Info:    Checking defaults for OT1/cmr/m/n on input line 75.
LaTeX Font Info:    ... okay on input line 75.
LaTeX Font Info:    Checking defaults for T1/cmr/m/n on input line 75.
LaTeX Font Info:    ... okay on input line 75.
LaTeX Font Info:    Checking defaults for TS1/cmr/m/n on input line 75.
LaTeX Font Info:    ... okay on input line 75.
LaTeX Font Info:    Checking defaults for OMX/cmex/m/n on input line 75.
LaTeX Font Info:    ... okay on input line 75.
LaTeX Font Info:    Checking defaults for U/cmr/m/n on input line 75.
LaTeX Font Info:    ... okay on input line 75.
LaTeX Font Info:    Checking defaults for PD1/pdf/m/n on input line 75.
LaTeX Font Info:    ... okay on input line 75.
LaTeX Font Info:    Checking defaults for PU/pdf/m/n on input line 75.
LaTeX Font Info:    ... okay on input line 75.
 (/Users/lenny/Library/Application Support/MiKTeX/texmfs/install/tex/context/base/mkii/supp-pdf.mkii
[Loading MPS to PDF converter (version 2006.09.02).]
\scratchcounter=\count341
\scratchdimen=\dimen260
\scratchbox=\box115
\nofMPsegments=\count342
\nofMParguments=\count343
\everyMPshowfont=\toks33
\MPscratchCnt=\count344
\MPscratchDim=\dimen261
\MPnumerator=\count345
\makeMPintoPDFobject=\count346
\everyMPtoPDFconversion=\toks34
) (/Users/lenny/Library/Application Support/MiKTeX/texmfs/install/tex/latex/epstopdf-pkg/epstopdf-base.sty
Package: epstopdf-base 2020-01-24 v2.11 Base part for package epstopdf
Package epstopdf-base Info: Redefining graphics rule for `.eps' on input line 485.
 (/Users/lenny/Library/Application Support/MiKTeX/texmfs/install/tex/latex/00miktex/epstopdf-sys.cfg
File: epstopdf-sys.cfg 2021/03/18 v2.0 Configuration of epstopdf for MiKTeX
))
Package hyperref Info: Link coloring ON on input line 75.
 (main.out) (main.out)
\@outlinefile=\write3
\openout3 = `main.out'.

Package caption Info: Begin \AtBeginDocument code.
Package caption Info: listings package is loaded.
Package caption Info: End \AtBeginDocument code.
 (/Users/lenny/Library/Application Support/MiKTeX/texmfs/install/tex/latex/translations/dicts/translations-basic-dictionary-english.trsl
File: translations-basic-dictionary-english.trsl (english translation file `translations-basic-dictionary')
)
Package translations Info: loading dictionary `translations-basic-dictionary' for `english'. on input line 75.
\c@lstlisting=\count347
 (abstract.tex
Overfull \hbox (20.30345pt too wide) in paragraph at lines 97--8
\OT1/cmr/m/n/12 neurones convolutifs afin d'^^Setendre les possibilit^^Ses offertes par Melpy et d'enrichir mes connaissances. 
 []


Underfull \hbox (badness 10000) in paragraph at lines 97--8

 []

)
Overfull \hbox (0.85504pt too wide) in paragraph at lines 10--99
\OT1/cmr/m/n/12 ^^Sevidence les limites de de la biblioth^^Reque en termes d'optimisation computationnelle, notamment
 []

(sections/1_intro.tex (main.toc
Underfull \hbox (badness 10000) in paragraph at lines 17--17
 [][] [][][]\OT1/cmr/m/n/12 Pr^^Se-traitement des 
 []


Underfull \hbox (badness 10000) in paragraph at lines 19--19
 [][] [][][]\OT1/cmr/m/n/12 Comparaison des 
 []

)
\tf@toc=\write4
\openout4 = `main.toc'.


Underfull \hbox (badness 10000) in paragraph at lines 4--21
\OT1/cmr/m/it/12 Based Learning Applied to Document
 []


Underfull \hbox (badness 10000) in paragraph at lines 4--21
\OT1/cmr/m/it/12 Recognition"$[]$\OT1/cmr/m/n/12 . Il y met en avant
 []


Underfull \hbox (badness 10000) in paragraph at lines 4--21
\OT1/cmr/m/n/12 l'apprentissage automatique des motifs
 []

[1

{/Users/lenny/Library/Application Support/MiKTeX/texmfs/data/fonts/map/pdftex/pdftex.map}]) (sections/2_section.tex
Underfull \hbox (badness 10000) in paragraph at lines 19--23
[]\OT1/cmr/m/n/12 Ensuite, les cartes de caract^^Seristiques
 []


Underfull \hbox (badness 10000) in paragraph at lines 19--23
\OT1/cmr/m/n/12 Ces vecteurs alimentent un perceptron
 []

<images/lenet5.jpeg, id=119, 803.0pt x 239.89626pt>
File: images/lenet5.jpeg Graphic file (type jpg)
<use images/lenet5.jpeg>
Package pdftex.def Info: images/lenet5.jpeg  used on input line 27.
(pdftex.def)             Requested size: 232.84843pt x 69.56447pt.

Package caption Warning: The option `hypcap=true' will be ignored for this
(caption)                particular \caption on input line 28.
See the caption package documentation for explanation.


Underfull \hbox (badness 10000) in paragraph at lines 29--30

 []


Underfull \hbox (badness 10000) in paragraph at lines 35--37

 []


Underfull \hbox (badness 10000) in paragraph at lines 43--45

 []


Underfull \hbox (badness 10000) in paragraph at lines 46--47
[]\OT1/cmr/m/n/12 Cependant, pour simplifier les calculs,
 []


Overfull \hbox (18.27147pt too wide) detected at line 53
[]
 []

[2 <./images/lenet5.jpeg>]
Underfull \hbox (badness 10000) in paragraph at lines 55--56

 []


Underfull \hbox (badness 10000) in paragraph at lines 57--69

 []


Underfull \hbox (badness 10000) in paragraph at lines 70--72

 []


Underfull \hbox (badness 10000) in paragraph at lines 85--89

 []

<images/featuremaps.png, id=138, 1040.688pt x 548.5293pt>
File: images/featuremaps.png Graphic file (type png)
<use images/featuremaps.png>
Package pdftex.def Info: images/featuremaps.png  used on input line 90.
(pdftex.def)             Requested size: 232.84843pt x 122.72743pt.

Package caption Warning: The option `hypcap=true' will be ignored for this
(caption)                particular \caption on input line 92.
See the caption package documentation for explanation.


Underfull \hbox (badness 10000) in paragraph at lines 93--94

 []


Underfull \hbox (badness 10000) in paragraph at lines 95--99

 []


Underfull \hbox (badness 10000) in paragraph at lines 103--105

 []

[3 <./images/featuremaps.png>]

LaTeX Warning: Command \textquoteright invalid in math mode on input line 151.


LaTeX Warning: Command \textquoteright invalid in math mode on input line 151.


Underfull \hbox (badness 10000) in paragraph at lines 151--152

 []


Underfull \hbox (badness 10000) in paragraph at lines 153--155
\OT1/cmr/m/n/12 dans un algorithme de Descente de
 []


Underfull \hbox (badness 10000) in paragraph at lines 157--161
\OT1/cmr/m/n/12 Une couche de Pooling r^^Sesume les
 []


Underfull \hbox (badness 10000) in paragraph at lines 157--161
\OT1/cmr/m/n/12 informations d'une image en r^^Seduisant
 []


Underfull \hbox (badness 10000) in paragraph at lines 164--166

 []


LaTeX Warning: Command \textquoteright invalid in math mode on input line 173.


Underfull \hbox (badness 10000) in paragraph at lines 171--176

 []


Underfull \hbox (badness 10000) in paragraph at lines 177--178

 []

<images/forwardpooling.png, id=160, 362.35374pt x 161.60374pt>
File: images/forwardpooling.png Graphic file (type png)
<use images/forwardpooling.png>
Package pdftex.def Info: images/forwardpooling.png  used on input line 179.
(pdftex.def)             Requested size: 232.84843pt x 103.8477pt.

Package caption Warning: The option `hypcap=true' will be ignored for this
(caption)                particular \caption on input line 180.
See the caption package documentation for explanation.

[4 <./images/forwardpooling.png>]
Underfull \hbox (badness 10000) in paragraph at lines 181--182

 []


Underfull \hbox (badness 10000) in paragraph at lines 183--185

 []


Underfull \hbox (badness 10000) in paragraph at lines 186--187

 []

<images/maxpooling2.png, id=190, 113.39163pt x 29.70297pt>
File: images/maxpooling2.png Graphic file (type png)
<use images/maxpooling2.png>
Package pdftex.def Info: images/maxpooling2.png  used on input line 188.
(pdftex.def)             Requested size: 232.84843pt x 60.99478pt.

Package caption Warning: The option `hypcap=true' will be ignored for this
(caption)                particular \caption on input line 189.
See the caption package documentation for explanation.


Underfull \hbox (badness 10000) in paragraph at lines 190--191

 []


Underfull \hbox (badness 10000) in paragraph at lines 197--199

 []

<images/backwardpooling.png, id=193, 362.35374pt x 161.60374pt>
File: images/backwardpooling.png Graphic file (type png)
<use images/backwardpooling.png>
Package pdftex.def Info: images/backwardpooling.png  used on input line 200.
(pdftex.def)             Requested size: 232.84843pt x 103.8477pt.

Package caption Warning: The option `hypcap=true' will be ignored for this
(caption)                particular \caption on input line 201.
See the caption package documentation for explanation.


Underfull \hbox (badness 10000) in paragraph at lines 202--203

 []

) (sections/3_section.tex
Underfull \hbox (badness 10000) in paragraph at lines 11--16

 []


Underfull \hbox (badness 10000) in paragraph at lines 17--22

 []


Underfull \hbox (badness 10000) in paragraph at lines 23--25

 []


Overfull \hbox (4.0943pt too wide) in paragraph at lines 37--38
[][] 
 []


Underfull \hbox (badness 10000) in paragraph at lines 37--38

 []


Package caption Warning: The option `hypcap=true' will be ignored for this
(caption)                particular \caption on input line 39.
See the caption package documentation for explanation.


Underfull \hbox (badness 10000) in paragraph at lines 42--45

 []


Underfull \hbox (badness 10000) in paragraph at lines 46--48

 []

[5 <./images/maxpooling2.png> <./images/backwardpooling.png>]
Underfull \hbox (badness 10000) in paragraph at lines 56--60

 []


Underfull \hbox (badness 10000) in paragraph at lines 61--62

 []

<images/im2col-1.png, id=206, 1204.5pt x 722.7pt>
File: images/im2col-1.png Graphic file (type png)
<use images/im2col-1.png>
Package pdftex.def Info: images/im2col-1.png  used on input line 63.
(pdftex.def)             Requested size: 232.84843pt x 139.70738pt.

Package caption Warning: The option `hypcap=true' will be ignored for this
(caption)                particular \caption on input line 64.
See the caption package documentation for explanation.


Underfull \hbox (badness 10000) in paragraph at lines 65--66

 []

<images/im2col-2.png, id=209, 903.375pt x 542.025pt>
File: images/im2col-2.png Graphic file (type png)
<use images/im2col-2.png>
Package pdftex.def Info: images/im2col-2.png  used on input line 67.
(pdftex.def)             Requested size: 232.84843pt x 139.70738pt.

Package caption Warning: The option `hypcap=true' will be ignored for this
(caption)                particular \caption on input line 68.
See the caption package documentation for explanation.


Underfull \hbox (badness 10000) in paragraph at lines 69--70

 []

<images/im2col-3.png, id=212, 1088.065pt x 653.44125pt>
File: images/im2col-3.png Graphic file (type png)
<use images/im2col-3.png>
Package pdftex.def Info: images/im2col-3.png  used on input line 71.
(pdftex.def)             Requested size: 232.84843pt x 139.83904pt.

Package caption Warning: The option `hypcap=true' will be ignored for this
(caption)                particular \caption on input line 72.
See the caption package documentation for explanation.


Underfull \hbox (badness 10000) in paragraph at lines 73--74

 []


Underfull \hbox (badness 10000) in paragraph at lines 75--80

 []


Underfull \hbox (badness 10000) in paragraph at lines 81--86

 []


Underfull \hbox (badness 10000) in paragraph at lines 87--91

 []


Underfull \hbox (badness 10000) in paragraph at lines 92--94

 []

[6 <./images/im2col-1.png> <./images/im2col-2.png> <./images/im2col-3.png>]
Underfull \hbox (badness 10000) in paragraph at lines 95--96

 []

(/Users/lenny/Library/Application Support/MiKTeX/texmfs/install/tex/latex/listings/lstlang1.sty
File: lstlang1.sty 2024/09/23 1.10c listings language file
)
Underfull \hbox (badness 10000) in paragraph at lines 107--108

 []


Underfull \hbox (badness 10000) in paragraph at lines 109--112

 []


Underfull \hbox (badness 10000) in paragraph at lines 113--115
[]\OT1/cmr/m/n/12 Dans la ligne 4, \OT1/cmtt/m/n/12 np.tile(level1,
 []


Underfull \hbox (badness 10000) in paragraph at lines 113--115

 []


Underfull \hbox (badness 10000) in paragraph at lines 116--120
\OT1/cmr/m/n/12 ^^Ra \OT1/cmtt/m/n/12 output[]height-1 \OT1/cmr/m/n/12 et \OT1/cmtt/m/n/12 np.repeat(...,
 []


Underfull \hbox (badness 6348) in paragraph at lines 116--120
\OT1/cmtt/m/n/12 output[]width) \OT1/cmr/m/n/12 r^^Sep^^Rete chaque entier de
 []


Underfull \hbox (badness 10000) in paragraph at lines 116--120

 []


Underfull \hbox (badness 10000) in paragraph at lines 121--126
\OT1/cmr/m/n/12 pour produire une matrice contenant
 []


Underfull \hbox (badness 10000) in paragraph at lines 121--126

 []


Underfull \hbox (badness 10000) in paragraph at lines 127--131

 []


Underfull \hbox (badness 10000) in paragraph at lines 132--134

 []


Underfull \hbox (badness 10000) in paragraph at lines 135--136

 []


Underfull \hbox (badness 10000) in paragraph at lines 145--146

 []


Underfull \hbox (badness 10000) in paragraph at lines 147--150

 []

[7]
Underfull \hbox (badness 10000) in paragraph at lines 151--153
[]\OT1/cmr/m/n/12 Dans la ligne 4, \OT1/cmtt/m/n/12 np.tile(level1,
 []


Underfull \hbox (badness 10000) in paragraph at lines 151--153

 []


Underfull \hbox (badness 5175) in paragraph at lines 154--158
\OT1/cmr/m/n/12 ^^Ra \OT1/cmtt/m/n/12 output[]height-1 \OT1/cmr/m/n/12 et  \OT1/cmtt/m/n/12 np.repeat(...,
 []


Underfull \hbox (badness 6348) in paragraph at lines 154--158
\OT1/cmtt/m/n/12 output[]width) \OT1/cmr/m/n/12 r^^Sep^^Rete chaque entier de
 []


Underfull \hbox (badness 10000) in paragraph at lines 154--158

 []


Underfull \hbox (badness 10000) in paragraph at lines 159--164

 []


Underfull \hbox (badness 10000) in paragraph at lines 165--167

 []


Underfull \hbox (badness 10000) in paragraph at lines 168--169

 []


Underfull \hbox (badness 10000) in paragraph at lines 175--176

 []


Underfull \hbox (badness 10000) in paragraph at lines 177--182
[]\OT1/cmr/m/n/12 Dans cette ligne,
 []


Underfull \hbox (badness 10000) in paragraph at lines 177--182
\OT1/cmtt/m/n/12 np.arange(image[]shape[1]) \OT1/cmr/m/n/12 g^^Sen^^Rere une
 []


Underfull \hbox (badness 10000) in paragraph at lines 177--182
\OT1/cmtt/m/n/12 window[]shape * window[]shape) \OT1/cmr/m/n/12 r^^Sep^^Rete
 []


Underfull \hbox (badness 10000) in paragraph at lines 177--182

 []


Underfull \hbox (badness 10000) in paragraph at lines 183--185

 []


Underfull \hbox (badness 10000) in paragraph at lines 193--195

 []


Underfull \hbox (badness 10000) in paragraph at lines 208--212

 []

<images/im2col-4.png, id=253, 1204.5pt x 514.92375pt>
File: images/im2col-4.png Graphic file (type png)
<use images/im2col-4.png>
Package pdftex.def Info: images/im2col-4.png  used on input line 213.
(pdftex.def)             Requested size: 232.84843pt x 99.5415pt.

Package caption Warning: The option `hypcap=true' will be ignored for this
(caption)                particular \caption on input line 214.
See the caption package documentation for explanation.


Underfull \hbox (badness 10000) in paragraph at lines 215--216

 []


Underfull \hbox (badness 6396) in paragraph at lines 217--219
\OT1/cmr/m/n/12 se trouve dans le repo de Melpy, ^^Ra
 []


Underfull \hbox (badness 10000) in paragraph at lines 217--219
\OT1/cmr/m/n/12 l'adresse suivante : [][]$\OT1/cmtt/m/n/12 https : / / github .
 []


Underfull \hbox (badness 10000) in paragraph at lines 217--219
\OT1/cmtt/m/n/12 com / lennymalard / melpy-[]project / blob /
 []

[8 <./images/im2col-4.png>]
Underfull \hbox (badness 10000) in paragraph at lines 222--226

 []


Underfull \hbox (badness 10000) in paragraph at lines 227--228

 []


Underfull \hbox (badness 10000) in paragraph at lines 249--250

 []


Underfull \hbox (badness 10000) in paragraph at lines 251--257

 []


Underfull \hbox (badness 10000) in paragraph at lines 258--259

 []

[9]
Underfull \hbox (badness 10000) in paragraph at lines 289--290

 []


Underfull \hbox (badness 10000) in paragraph at lines 291--299

 []


Underfull \hbox (badness 10000) in paragraph at lines 300--301
\OT1/cmtt/m/n/12 github . com / lennymalard / melpy-[]project /
 []


Underfull \hbox (badness 10000) in paragraph at lines 304--306

 []


Underfull \hbox (badness 10000) in paragraph at lines 307--308

 []


Underfull \hbox (badness 10000) in paragraph at lines 326--327

 []


Underfull \hbox (badness 6380) in paragraph at lines 328--335
[]\OT1/cmr/m/n/12 Les dimensions de sortie sont d'abord
 []


Underfull \hbox (badness 10000) in paragraph at lines 328--335
\OT1/cmr/m/n/12 calcul^^Sees, en fonction des dimensions
 []


Underfull \hbox (badness 10000) in paragraph at lines 328--335

 []


Underfull \hbox (badness 10000) in paragraph at lines 336--337

 []

[10]
Underfull \hbox (badness 10000) in paragraph at lines 359--360

 []


Underfull \hbox (badness 5119) in paragraph at lines 361--369
\OT1/cmr/m/n/12 et les sorties de la propagation avant
 []


Underfull \hbox (badness 10000) in paragraph at lines 361--369

 []


Underfull \hbox (badness 10000) in paragraph at lines 370--371
\OT1/cmtt/m/n/12 lennymalard / melpy-[]project / blob / main /
 []

) (sections/4_section.tex
Underfull \hbox (badness 10000) in paragraph at lines 10--13

 []


Underfull \hbox (badness 10000) in paragraph at lines 14--21

 []

<images/mnist_samples.png, id=362, 748.7172pt x 168.3891pt>
File: images/mnist_samples.png Graphic file (type png)
<use images/mnist_samples.png>
Package pdftex.def Info: images/mnist_samples.png  used on input line 22.
(pdftex.def)             Requested size: 232.84843pt x 52.36708pt.

Package caption Warning: The option `hypcap=true' will be ignored for this
(caption)                particular \caption on input line 23.
See the caption package documentation for explanation.


Underfull \hbox (badness 10000) in paragraph at lines 24--25

 []


Underfull \hbox (badness 10000) in paragraph at lines 26--32

 []

[11 <./images/mnist_samples.png>]
<images/cifar10_samples.png, id=386, 860.7357pt x 187.1793pt>
File: images/cifar10_samples.png Graphic file (type png)
<use images/cifar10_samples.png>
Package pdftex.def Info: images/cifar10_samples.png  used on input line 33.
(pdftex.def)             Requested size: 232.84843pt x 50.63618pt.


Package caption Warning: The option `hypcap=true' will be ignored for this
(caption)                particular \caption on input line 34.
See the caption package documentation for explanation.


Underfull \hbox (badness 10000) in paragraph at lines 35--36

 []


Underfull \hbox (badness 10000) in paragraph at lines 39--40

 []


Underfull \hbox (badness 10000) in paragraph at lines 42--44

 []


Underfull \hbox (badness 10000) in paragraph at lines 45--48

 []


Underfull \hbox (badness 10000) in paragraph at lines 49--51
[]\OT1/cmr/bx/n/12 Cr^^Seation et entra^^^Pnement des
 []


Underfull \hbox (badness 7379) in paragraph at lines 53--55
[]\OT1/cmr/bx/n/12 Comparaison des m^^Setriques finales
 []


Underfull \hbox (badness 10000) in paragraph at lines 53--55

 []


Underfull \hbox (badness 10000) in paragraph at lines 56--60
[]\OT1/cmr/m/n/12 L'entra^^^Pnement a ^^Set^^Se effectu^^Se sur un
 []


Underfull \hbox (badness 5036) in paragraph at lines 56--60
\OT1/cmr/m/n/12 processeur Intel i5-12600K avec 32 Go
 []


Underfull \hbox (badness 6001) in paragraph at lines 56--60
\OT1/cmr/m/n/12 par des processus externes ind^^Sesirables.
 []


Underfull \hbox (badness 10000) in paragraph at lines 56--60

 []


Underfull \hbox (badness 10000) in paragraph at lines 66--68

 []


Underfull \hbox (badness 10000) in paragraph at lines 69--71
[]\OT1/cmr/m/n/12 Pour ce faire, nous commen^^Xcons par
 []


Underfull \hbox (badness 10000) in paragraph at lines 69--71

 []


Underfull \hbox (badness 10000) in paragraph at lines 72--73

 []


Underfull \hbox (badness 10000) in paragraph at lines 76--77

 []


Underfull \hbox (badness 10000) in paragraph at lines 78--79

 []

<images/mnist_nn.png, id=387, 760.8425pt x 400.49625pt>
File: images/mnist_nn.png Graphic file (type png)
<use images/mnist_nn.png>
Package pdftex.def Info: images/mnist_nn.png  used on input line 80.
(pdftex.def)             Requested size: 232.84843pt x 122.56978pt.

Package caption Warning: The option `hypcap=true' will be ignored for this
(caption)                particular \caption on input line 81.
See the caption package documentation for explanation.


Underfull \hbox (badness 10000) in paragraph at lines 82--83

 []


Underfull \hbox (badness 5288) in paragraph at lines 84--88
\OT1/cmr/m/n/12 caract^^Seristiques, suivie d'une couche de
 []


Underfull \hbox (badness 10000) in paragraph at lines 84--88

 []

[12 <./images/cifar10_samples.png> <./images/mnist_nn.png>]
Underfull \hbox (badness 10000) in paragraph at lines 89--92
[]\OT1/cmr/m/n/12 La couche cach^^See utilise la fonction
 []


Underfull \hbox (badness 10000) in paragraph at lines 89--92
\OT1/cmr/m/n/12 sortie applique une fonction Softmax.
 []


Underfull \hbox (badness 10000) in paragraph at lines 89--92
\OT1/cmr/m/n/12 crois^^See cat^^Segorielle (Categorical Cross-
 []


Underfull \hbox (badness 10000) in paragraph at lines 89--92

 []


Underfull \hbox (badness 10000) in paragraph at lines 93--94

 []


Package caption Warning: The option `hypcap=true' will be ignored for this
(caption)                particular \caption on input line 107.
See the caption package documentation for explanation.


Underfull \hbox (badness 10000) in paragraph at lines 107--108

 []


Underfull \hbox (badness 10000) in paragraph at lines 110--111

 []


Underfull \hbox (badness 10000) in paragraph at lines 112--113

 []


Underfull \hbox (badness 10000) in paragraph at lines 114--115

 []


Underfull \hbox (badness 10000) in paragraph at lines 116--117

 []


Underfull \hbox (badness 10000) in paragraph at lines 118--119

 []


Underfull \hbox (badness 10000) in paragraph at lines 120--121

 []


Underfull \hbox (badness 10000) in paragraph at lines 122--126

 []


Underfull \hbox (badness 8075) in paragraph at lines 122--126
\OT1/cmr/m/it/12 restent ici inchang^^Ses, car ils se sont
 []


Underfull \hbox (badness 10000) in paragraph at lines 122--126
\OT1/cmr/m/it/12 pas d'informations pertinentes sur les
 []


Underfull \hbox (badness 10000) in paragraph at lines 122--126

 []

<images/mnist_losses.png, id=397, 462.528pt x 346.896pt>
File: images/mnist_losses.png Graphic file (type png)
<use images/mnist_losses.png>
Package pdftex.def Info: images/mnist_losses.png  used on input line 128.
(pdftex.def)             Requested size: 232.84843pt x 174.63853pt.

Package caption Warning: The option `hypcap=true' will be ignored for this
(caption)                particular \caption on input line 129.
See the caption package documentation for explanation.


Underfull \hbox (badness 10000) in paragraph at lines 130--131

 []


Underfull \hbox (badness 10000) in paragraph at lines 132--135

 []


Underfull \hbox (badness 6961) in paragraph at lines 138--139
[]\OT1/cmr/bx/n/12 Nombre de param^^Retres \OT1/cmr/m/n/12 : Le
 []


Underfull \hbox (badness 10000) in paragraph at lines 138--139
\OT1/cmr/m/n/12 nombre de param^^Retres influence
 []


Underfull \hbox (badness 5802) in paragraph at lines 139--141
\OT1/cmr/m/n/12 de neurones ou la profondeur de
 []


Underfull \hbox (badness 10000) in paragraph at lines 142--143

 []


Underfull \hbox (badness 10000) in paragraph at lines 144--145

 []


Underfull \hbox (badness 10000) in paragraph at lines 146--147

 []

<images/cifar10_nn.png, id=398, 907.39pt x 289.08pt>
File: images/cifar10_nn.png Graphic file (type png)
<use images/cifar10_nn.png>
Package pdftex.def Info: images/cifar10_nn.png  used on input line 148.
(pdftex.def)             Requested size: 232.84843pt x 74.17978pt.

Package caption Warning: The option `hypcap=true' will be ignored for this
(caption)                particular \caption on input line 149.
See the caption package documentation for explanation.

[13 <./images/mnist_losses.png>]
Underfull \hbox (badness 10000) in paragraph at lines 150--151

 []


Underfull \hbox (badness 5147) in paragraph at lines 153--156
[]\OT1/cmr/m/n/12 Comme illustr^^Se dans la Figure 14, le
 []


Underfull \hbox (badness 10000) in paragraph at lines 153--156
\OT1/cmr/m/n/12 de convolution g^^Sen^^Serant 32 cartes de
 []


Underfull \hbox (badness 5288) in paragraph at lines 153--156
\OT1/cmr/m/n/12 caract^^Seristiques, suivie d'une couche de
 []


Underfull \hbox (badness 10000) in paragraph at lines 153--156

 []


Underfull \hbox (badness 10000) in paragraph at lines 157--160

 []


Underfull \hbox (badness 10000) in paragraph at lines 161--162

 []


Package caption Warning: The option `hypcap=true' will be ignored for this
(caption)                particular \caption on input line 178.
See the caption package documentation for explanation.


Underfull \hbox (badness 10000) in paragraph at lines 178--179

 []


Underfull \hbox (badness 10000) in paragraph at lines 181--182

 []


Underfull \hbox (badness 10000) in paragraph at lines 183--184

 []


Underfull \hbox (badness 10000) in paragraph at lines 185--186

 []


Underfull \hbox (badness 10000) in paragraph at lines 187--188

 []


Underfull \hbox (badness 10000) in paragraph at lines 189--190

 []


Underfull \hbox (badness 10000) in paragraph at lines 191--192

 []


Underfull \hbox (badness 10000) in paragraph at lines 193--195

 []


Underfull \hbox (badness 10000) in paragraph at lines 193--195

 []

<images/cifar_10_losses.png, id=408, 1141.866pt x 593.3367pt>
File: images/cifar_10_losses.png Graphic file (type png)
<use images/cifar_10_losses.png>
Package pdftex.def Info: images/cifar_10_losses.png  used on input line 196.
(pdftex.def)             Requested size: 232.84843pt x 120.992pt.

Package caption Warning: The option `hypcap=true' will be ignored for this
(caption)                particular \caption on input line 197.
See the caption package documentation for explanation.


Underfull \hbox (badness 10000) in paragraph at lines 198--199

 []


Underfull \hbox (badness 10000) in paragraph at lines 200--204

 []


Underfull \hbox (badness 10000) in paragraph at lines 213--214

 []

[14 <./images/cifar10_nn.png> <./images/cifar_10_losses.png>]
Underfull \hbox (badness 10000) in paragraph at lines 218--219

 []


Underfull \hbox (badness 6332) in paragraph at lines 220--221
\OT1/cmr/m/n/12 s^^Selectionn^^Sees plus t^ot qui serviront de
 []


Underfull \hbox (badness 10000) in paragraph at lines 220--221

 []


Underfull \hbox (badness 10000) in paragraph at lines 222--223

 []

<images/mnist_loss_comparison.png, id=418, 462.528pt x 346.896pt>
File: images/mnist_loss_comparison.png Graphic file (type png)
<use images/mnist_loss_comparison.png>
Package pdftex.def Info: images/mnist_loss_comparison.png  used on input line 224.
(pdftex.def)             Requested size: 232.84843pt x 174.63853pt.

Package caption Warning: The option `hypcap=true' will be ignored for this
(caption)                particular \caption on input line 225.
See the caption package documentation for explanation.


Underfull \hbox (badness 10000) in paragraph at lines 226--227

 []

<images/cifar10_loss_comparison.png, id=419, 867.24pt x 433.62pt>
File: images/cifar10_loss_comparison.png Graphic file (type png)
<use images/cifar10_loss_comparison.png>
Package pdftex.def Info: images/cifar10_loss_comparison.png  used on input line 229.
(pdftex.def)             Requested size: 232.84843pt x 116.42392pt.

Package caption Warning: The option `hypcap=true' will be ignored for this
(caption)                particular \caption on input line 230.
See the caption package documentation for explanation.


Underfull \hbox (badness 10000) in paragraph at lines 231--232

 []


Underfull \hbox (badness 10000) in paragraph at lines 233--240

 []


Underfull \hbox (badness 10000) in paragraph at lines 241--242
[]\OT1/cmr/m/n/12 On peut ^^Segalement relev^^Se le temps
 []


Underfull \hbox (badness 10000) in paragraph at lines 241--242

 []


Package caption Warning: The option `hypcap=true' will be ignored for this
(caption)                particular \caption on input line 253.
See the caption package documentation for explanation.


Underfull \hbox (badness 10000) in paragraph at lines 253--254

 []


Underfull \hbox (badness 5446) in paragraph at lines 255--259
\OT1/cmr/m/n/12 exploite efficacement le parall^^Selisme sur
 []


Underfull \hbox (badness 10000) in paragraph at lines 260--263
\OT1/cmr/m/n/12 Ses op^^Serations restent d^^Sependantes de
 []


Underfull \hbox (badness 10000) in paragraph at lines 260--263

 []

[15 <./images/mnist_loss_comparison.png> <./images/cifar10_loss_comparison.png>]) (sections/5_conclusion.tex
Overfull \hbox (7.14804pt too wide) in paragraph at lines 9--12
\OT1/cmr/m/n/12 initial : impl^^Sementer de z^^Sero ^^Ra l'aide de NumPy des outils permettant la cr^^Seation et l'entrainement
 []

) (main.bbl
Overfull \hbox (2.81335pt too wide) in paragraph at lines 13--1
[]\OT1/cmr/m/n/12 Cependant, nous avons observ^^Se une l^^Seg^^Rere diff^^Serence de performances entre notre impl^^Sementation
 []


Underfull \hbox (badness 10000) in paragraph at lines 13--1

 []

)

[16] (main.aux)
 ***********
LaTeX2e <2024-11-01>
L3 programming layer <2024-11-02>
 ***********
Package rerunfilecheck Info: File `main.out' has not changed.
(rerunfilecheck)             Checksum: EF1985EC48FCA0888213E6D1710AC234;3058.
 ) 
Here is how much of TeX's memory you used:
 19248 strings out of 475616
 369296 string characters out of 5768761
 1288715 words of memory out of 5000000
 41655 multiletter control sequences out of 15000+600000
 566352 words of font info for 65 fonts, out of 8000000 for 9000
 0 hyphenation exceptions out of 8191
 79i,18n,93p,1256b,2755s stack positions out of 10000i,1000n,20000p,200000b,200000s
 </Users/lenny/Library/Application Support/MiKTeX/texmfs/data/fonts/pk/ljfour/jknappen/ec/dpi600/tcrm1200.pk></Users/lenny/Library/Application Support/MiKTeX/texmfs/install/fonts/type1/public/amsfonts/cm/cmbx10.pfb></Users/lenny/Library/Application Support/MiKTeX/texmfs/install/fonts/type1/public/amsfonts/cm/cmbx12.pfb></Users/lenny/Library/Application Support/MiKTeX/texmfs/install/fonts/type1/public/amsfonts/cm/cmex10.pfb></Users/lenny/Library/Application Support/MiKTeX/texmfs/install/fonts/type1/public/amsfonts/cmextra/cmex8.pfb></Users/lenny/Library/Application Support/MiKTeX/texmfs/install/fonts/type1/public/amsfonts/cm/cmmi10.pfb></Users/lenny/Library/Application Support/MiKTeX/texmfs/install/fonts/type1/public/amsfonts/cm/cmmi12.pfb></Users/lenny/Library/Application Support/MiKTeX/texmfs/install/fonts/type1/public/amsfonts/cm/cmmi6.pfb></Users/lenny/Library/Application Support/MiKTeX/texmfs/install/fonts/type1/public/amsfonts/cm/cmmi8.pfb></Users/lenny/Library/Application Support/MiKTeX/texmfs/install/fonts/type1/public/amsfonts/cm/cmr10.pfb></Users/lenny/Library/Application Support/MiKTeX/texmfs/install/fonts/type1/public/amsfonts/cm/cmr12.pfb></Users/lenny/Library/Application Support/MiKTeX/texmfs/install/fonts/type1/public/amsfonts/cm/cmr6.pfb></Users/lenny/Library/Application Support/MiKTeX/texmfs/install/fonts/type1/public/amsfonts/cm/cmr8.pfb></Users/lenny/Library/Application Support/MiKTeX/texmfs/install/fonts/type1/public/amsfonts/cm/cmsy10.pfb></Users/lenny/Library/Application Support/MiKTeX/texmfs/install/fonts/type1/public/amsfonts/cm/cmsy5.pfb></Users/lenny/Library/Application Support/MiKTeX/texmfs/install/fonts/type1/public/amsfonts/cm/cmsy6.pfb></Users/lenny/Library/Application Support/MiKTeX/texmfs/install/fonts/type1/public/amsfonts/cm/cmsy8.pfb></Users/lenny/Library/Application Support/MiKTeX/texmfs/install/fonts/type1/public/amsfonts/cm/cmti10.pfb></Users/lenny/Library/Application Support/MiKTeX/texmfs/install/fonts/type1/public/amsfonts/cm/cmti12.pfb></Users/lenny/Library/Application Support/MiKTeX/texmfs/install/fonts/type1/public/amsfonts/cm/cmtt10.pfb></Users/lenny/Library/Application Support/MiKTeX/texmfs/install/fonts/type1/public/amsfonts/cm/cmtt12.pfb>
Output written on main.pdf (16 pages, 1252179 bytes).
PDF statistics:
 564 PDF objects out of 1000 (max. 8388607)
 213 named destinations out of 1000 (max. 500000)
 246 words of extra memory for PDF output out of 10000 (max. 10000000)

