\BOOKMARK [1][-]{section.1}{\376\377\000I\000n\000t\000r\000o\000d\000u\000c\000t\000i\000o\000n}{}% 1
\BOOKMARK [1][-]{section.2}{\376\377\000T\000h\000\351\000o\000r\000i\000e}{}% 2
\BOOKMARK [2][-]{subsection.2.1}{\376\377\000L\000'\000a\000r\000c\000h\000i\000t\000e\000c\000t\000u\000r\000e}{section.2}% 3
\BOOKMARK [2][-]{subsection.2.2}{\376\377\000L\000e\000s\000\040\000c\000o\000u\000c\000h\000e\000s\000\040\000d\000e\000\040\000C\000o\000n\000v\000o\000l\000u\000t\000i\000o\000n}{section.2}% 4
\BOOKMARK [3][-]{subsubsection.2.2.1}{\376\377\000P\000r\000o\000p\000a\000g\000a\000t\000i\000o\000n\000\040\000A\000v\000a\000n\000t}{subsection.2.2}% 5
\BOOKMARK [3][-]{subsubsection.2.2.2}{\376\377\000P\000r\000o\000p\000a\000g\000a\000t\000i\000o\000n\000\040\000A\000r\000r\000i\000\350\000r\000e}{subsection.2.2}% 6
\BOOKMARK [2][-]{subsection.2.3}{\376\377\000L\000e\000s\000\040\000c\000o\000u\000c\000h\000e\000s\000\040\000d\000e\000\040\000P\000o\000o\000l\000i\000n\000g}{section.2}% 7
\BOOKMARK [3][-]{subsubsection.2.3.1}{\376\377\000P\000r\000o\000p\000a\000g\000a\000t\000i\000o\000n\000\040\000A\000v\000a\000n\000t}{subsection.2.3}% 8
\BOOKMARK [3][-]{subsubsection.2.3.2}{\376\377\000P\000r\000o\000p\000a\000g\000a\000t\000i\000o\000n\000\040\000A\000r\000r\000i\000\350\000r\000e}{subsection.2.3}% 9
\BOOKMARK [1][-]{section.3}{\376\377\000I\000m\000p\000l\000\351\000m\000e\000n\000t\000a\000t\000i\000o\000n}{}% 10
\BOOKMARK [2][-]{subsection.3.1}{\376\377\000L\000a\000\040\000m\000\351\000t\000h\000o\000d\000e\000\040\000I\000m\0002\000C\000o\000l}{section.3}% 11
\BOOKMARK [2][-]{subsection.3.2}{\376\377\000L\000e\000s\000\040\000c\000o\000u\000c\000h\000e\000s\000\040\000d\000e\000\040\000C\000o\000n\000v\000o\000l\000u\000t\000i\000o\000n}{section.3}% 12
\BOOKMARK [2][-]{subsection.3.3}{\376\377\000L\000e\000s\000\040\000c\000o\000u\000c\000h\000e\000s\000\040\000d\000e\000\040\000P\000o\000o\000l\000i\000n\000g}{section.3}% 13
\BOOKMARK [1][-]{section.4}{\376\377\000E\000x\000p\000\351\000r\000i\000m\000e\000n\000t\000a\000t\000i\000o\000n\000s}{}% 14
\BOOKMARK [2][-]{subsection.4.1}{\376\377\000M\000\351\000t\000h\000o\000d\000e}{section.4}% 15
\BOOKMARK [2][-]{subsection.4.2}{\376\377\000R\000\351\000s\000u\000l\000t\000a\000t\000s\000\040\000e\000t\000\040\000d\000i\000s\000c\000u\000s\000s\000i\000o\000n}{section.4}% 16
\BOOKMARK [3][-]{subsubsection.4.2.1}{\376\377\000P\000r\000\351\000-\000t\000r\000a\000i\000t\000e\000m\000e\000n\000t\000\040\000d\000e\000s\000\040\000d\000o\000n\000n\000\351\000e\000s}{subsection.4.2}% 17
\BOOKMARK [3][-]{subsubsection.4.2.2}{\376\377\000S\000\351\000l\000e\000c\000t\000i\000o\000n\000\040\000d\000u\000\040\000m\000o\000d\000\350\000l\000e}{subsection.4.2}% 18
\BOOKMARK [3][-]{subsubsection.4.2.3}{\376\377\000C\000o\000m\000p\000a\000r\000a\000i\000s\000o\000n\000\040\000d\000e\000s\000\040\000r\000\351\000s\000u\000l\000t\000a\000t\000s}{subsection.4.2}% 19
\BOOKMARK [1][-]{section.5}{\376\377\000C\000o\000n\000c\000l\000u\000s\000i\000o\000n}{}% 20
